calc_obs.f


fppickrules_local.f
LM_FPQ	LM_FPQ_LOC	NSF_Q_GLO	KLM_SFQ_GLO	LM_SFQ_GLO	LM_SFQ	

dmft_close_iotmp.f


sig0_fsea.f


sfnshape.f
FLMSF_LOC	

rwfrk.f
XPP	XPPMID	XQQ	XQQMID	XPQ	XPQMID	XQP	XQPMID	

wrdosrep.f
DOS	NETAB	MEZZ_LOC	MEZJ_LOC	TAUT_LOC	

opmcorlda.f


scfbroypt2.f


symplotuc.f


cpabroyden.f
FM	FM1	SM	SM1	XINP	XOUT	

clugaunt_rylm.f


sigme.f
TSS_FTA	TSS_FTB	TSS_VFTA	TSS_VFTB	MSS_VFTA	MSS_VFTB	MIRR_2_FTAB	MIRR_3_FTAB	MIRR_4_FTAB	MREG_FTAB	MREG_FTBA	MIRR_2_VFTAB	MIRR_3_VFTAB	MIRR_4_VFTAB	MREG_VFTAB	MREG_VFTBA	MREG_TAB_TMP	MREG_TBA_TMP	MIRR_2_TMP	MIRR_3_TMP	MIRR_4_TMP	TAU_VFTA	TAU_VFTB	MIRR_2	MIRR_3	MIRR_4	UMAT_VTAZ	UMAT_VTBZ	TAU_VFTAZ	TAU_VFTBZ	

linresp_phonons.f
RHO2NSX	

chigunna.f


gauleg.f


fpvxclm.f
ER	ESTOR	EXCIJ	RHO4PI	WEXCIJ	VXC	RHO	RHOD	RHOU	AGRDRHO	AGRDRHOD	AGRDRHOU	LAPRHO	LAPRHOD	LAPRHOU	GDGAG	GDGAGD	GDGAGU	GFLM	GFANG	FLM	HLM	HANG	RPWM2	DFDR	D2FDR2	EXCIJGGA	KLM	KFVLM	

dmft_ssite_rotate.f


signlc1.f


compton_core0.f
BCOR	BCORS	IZERO	SZCOR	ECOR	KAPCOR	MM05COR	IKMCOR	NKPCOR	FCOR	GCOR	AG	AG0	F_AUX	RINT	

chilanme.f
CINT5	

chitktksym.f
NTKTKQQ	IND0QX	NDD	LLIM	HLIM	SYM_CONNECTED	ITTA	ITTB	ITTC	ITTD	ITTQ1	ITTQ2	NTTJ	WTTJ	JTT1	JTT2	JTTX	N_ITT_PROC	ITT1_PROC	N_JTT_PROC	JTT1_PROC	WTTJ	JTT1	JTT2	JTTX	ITTA	ITTB	ITTC	ITTD	ITTQ1	ITTQ2	NTTJ	WTTJ	JTT1	JTT2	JTTX	ITTA	ITTB	ITTC	ITTD	ITTQ1	ITTQ2	NTTJ	

signlcsum.f


sfncreate.f
SIZEFAC	NFACE_M	VOL_M	A3	B3	IPROCM	C3	D3	KDONE	RVERT_VFM	XEDGE	YEDGE	VOL_NUM_M	ZEDGE	IRCUT	NEDGE_FCM	NMSF	NEDGE	NPAN_S	NFUN_S	NM_S	MESHN_S	LMISF_S	RMTFILL_M	DRN_S	XRN_S	RINT0	W_RADINT_S	FLMSF_S	FLMSF_PR	DQBAS	KFP_LMQ_PR	KLMFP_PR	ISFLM_PR	NLMFPT_PR	NFPT_PR	LMIFP_PR	KLMSF_PR	LMISF_PR	NSF_PR	IQ_MAUX	TXT_PR	LTXT_PR	JRCUT_SAV	NPAN_SAV	D_LGM	DONE_LEBGRID	DVEC_LEBGRID	

mod_lattice.f


dmft_u_matrix.f
JF	JG	WGTFCLMB	A	SG	TG	SL	TL	RHO	RPW	FCLMB	MEZJ	MEZZ	

init_mod_tb.f
RMTREF	VREF	IREFQ	

calcnos.f
RTOTNOS	RTOTDOS	RETAB	

wfplot.f
ZF	ZG	YY	LEG	YY	LEG	

egrid8_ime.f


rgntsf_setup.f
KLSF	

check_input.f


dumptau.f


cgc1.f


sfnread.f


fppickrules.f
KKFP_LMQ	KAUX_LMQ	KSF_LMQ	KKSF_LMQ	LMTAB1	LMTAB2	LMTAB3	SYMACCEPTED_Q	SYMUNITARY_Q	NSYMACCEPTED_Q	SYMACCEPTED_SFQ	SYMUNITARY_SFQ	NSYMACCEPTED_SFQ	IQORGQP_TMP	IQAT_TMP	IQPSYMQ_TMP	ITOQ_TMP	NFP_Q	NLMFP_Q	NLMSF_Q	NOQ_TMP	NSF_Q	IT0_TMP	NAT_TMP	KFP_LMQ_LOC	NFP_Q_LOC	DROT_RLM_TAB	IQCLU_ATCLU0	ITCLU_OQCLU0	QMPHI_SYM	QMTET_SYM	KFP_LMQ	

symsites.f
IT_OQAUX	NO_QAUX	IQPSYMQ	QBAS	

projtau.f


init_mod_tauij_kmesh.f
IK_IKTABTAUIJ	ISYM_IKTABTAUIJ	KTABTAUIJ	WKTABTAUIJ	

wcorehole_2001.f


lmatstruct.f


iotmat_scfvb_xjq.f


cnlz.f


cinvrii3.f


mssinit.f
TSS_FT	TSS_VFT	

openfilt.f


strcc.f


xcpltensor.f
WSA	WSB	DELMSST	J_IJINT	J_ITJT	DITJT	NITJT	

chrdns_fp.f
ZFJF	ZFZF	ZGJG	ZGZG	RHOC	GTIL	WMAT	GAMMA	CHI	GAMMA_LHS	ZETA	NCWF_SOL_SPH	IKM_CWFSOL_SPH	ZG_SPH	JG_SPH	ZF_SPH	JF_SPH	ZGJG_SPH	ZGZG_SPH	ZFJF_SPH	ZFZF_SPH	WZZ	WZJ	WRR	WRH	GTIL	WMAT	R0LS	GAMMAS	H0LS	CHIS	

linresp_magnet_me_nab.f
GAP	FAP	GBP	FBP	WR_GA	WR_FA	WR_GB	WR_FB	FRAD	FF1	FF2	FF3	FF4	GG1	GG2	GG3	GG4	

sfnvoronoi.f


fpvintra.f
V1	V2	RPWL	VINT1	VINT2	

tauij_symmetrize.f
WXREP	WXREP_ORG	MCLU_IJ	

sig.f
TAUQA	TAUQB	MSSQA	MSSQB	TSSQA	TSSQB	SIG0Q_FSEA	MAQBADUM	MDQBADUM	S10AQAB	S10AQBA	S10BQAB	S10BQBA	S10CQAB	S10CQBA	S10DQAB	S10DQBA	S2AQAB	S2AQBA	S2BQAB	S2BQBA	S2CQAB	S2CQBA	S2DQAB	S2DQBA	S3AQAB	S3AQBA	S3BQAB	S3BQBA	S3CQAB	S3CQBA	S3DQAB	S3DQBA	S4AQAB	S4AQBA	S4BQAB	S4BQBA	S4CQAB	S4CQBA	S4DQAB	S4DQBA	SIG0Q	SIG0Q_SURF	SIG1Q_SURF_VC	SIG1Q_NV	SIG1Q_VC	TAUQZ	SIGOFFQ	PHASK_DUMMY	TSSTA	TSSTB	MSSTA	MSSTB	UMAT_VTA	UMAT_VTB	MREG_TAB	MREG_TBA	MEOFF_AHE_T	MEOFF_BARG_T	ME_SZ_T	S10_VFTAB	S2_VFTAB	S3_VFTAB	S4_VFTAB	S10_VFTBA	S2_VFTBA	S3_VFTBA	S4_VFTBA	LIST_ISPR	FLAG_ISPINPROJ	OMEGATAB	SIG0Q_OPT	SIG1Q_OPT_NV	SIG1Q_OPT_VC	IPROCE	IPROCE	SIG0Q_SURF_PROJ	SIG1Q_SURF_NV_PROJ	SIG1Q_SURF_VC_PROJ	LMAT	XM	XMD	

init_mod_dmft_ldau.f
STRLOPT	DMFTSIGMA	DMFTSIG	ALLOCATE	SELF	ALLOCATE	EFF	JEFF	EREFDMFT	EREFLDAU	ALLOCATE	LDAU	SEVT	SEBT	SEVNST	SEBNST	

chiinthff2.f


spec_rslab_1.f
Z	IND	VEC	VECC	Z	IND	VEC	VECC	C1	C2	C3	C4	

scfbipotmad.f
MNT_Q	RPW	

socpar.f
YMAX1T	YMAX2T	BT0	CINT1	CINT2	DVDR	EPLOT	SOCME	EXCME	JF	JG	ZF	ZG	

viomix.f


opmcore.f


wavfun_read.f


signlcme.f
W2HAT	TAUIMPA	TAUIMPB	DMATA	DMATB	DTILA	DTILB	MZAZB	MZBZA	MIRR_2	MIRR_3	MIRR_4	

fpnrcore.f
V1	WK	

xcpltenme.f
BWLM	ZFZF	ZGZG	A_SIG_RLM	

tauij_std.f
IPIV	CWORK	TAUK	MAUX	TAUIJ	IPROCK	

pade.f


torque.f
J	UJ	T	QMPHIMAE	QMTETMAE	

mod_tauij.f


clxps.f
WGTR	ZG	ZF	

scf_broyden_w_weiss.f


zzchi.f


scfmad0d.f


dmft_matsub.f


dirac_op.f


pshift.f
RETSS	IMTSS	

opmcorrpa.f


getdmat.f


zoom.f


amecoul.f


dmft_gfunmat.f
W1	W2	W3	Z2Z	T1	T2	MEIRR	MEAB2	MEB1A	NSOLIKMB	IKMCPLWFB	IKMA	WINTR	NSFTMP	IKMME	AME_NE_0	R1MCLEB	CPLMAT	RSCAL	

scfbi2dstrmat.f
RGNTMAD	IRGNTMAD	SUM2D	GN2	RM2	NSG	NSR	

kdirtab.f


init_mod_rmesh.f
ARMSH	BRMSH	DX	JRWS	JRMT	RWS	RMT	R	DRDI	R2DRDI	DRDIOVR	R_COR	DRDI_COR	DRDIOVR_COR	RAUX1	RAUX2	CAUX1	CAUX2	

spec_tau_prepare.f
CM1	C2	C3	TSSQ	DMATTG	DTILTG	TSST_GLO	TAUT_GLO	DOS	TSST_GLO_VFT	TAUT_GLO_VFT	DMATTG_VFT	DTILTG_VFT	

init_mod_files.f


cradint_inw_r.f


opmresp.f


scfpoisson.f


tauij_drive.f


mod_tb.f


negfkloops_tb.f
AUXQ	WIJ	WJI	DQ_QTB	EXIKDQ_QTB	GLESQX_TR	GLLKE	GLLKE_BAR	GLLKE_BAR_TR	GREFKE	IPROCK	GAMMAK	XGAMMAKX	MEZZIINV	MEZZJINV	MEZZI2	MEZZJ2	MEZZIMP2	MEZZIPM2	MEZZJMP2	MEZZJPM2	DTSSQX	GAMMAKT	WKMT1	WKMT2	TRANSM	TRANSMDN	TRANSMUP	A1	AN	B1	BN	C1	CN	X1	XN	

dmft_readselfene.f


init_mod_str.f


sigkloopsdrv_tb.f
GREF_I1	TAUQX	WX	WA	WB	USSQX	VSSQX	TSSQX	DSSQX	

fpasastart.f
VOL_AC_ASA	VOL_AC_FP	VOL_IS_FP_NUM	VOL_IS_ASA_NUM	VOL_IS_ASA_ANA	

posfil.f


ame_alf_sig.f
A1_SPIN_CURR_ALF	A2_SPIN_CURR_ALF	AMESIGA1	AMESIGA2	AME_NU_NU	

init_umat.f
CJL	CNL	CHL	IRGNT	NRGNT	RGNT	M1_PW_LL	RYLM	

strtest.f
TAUK	MAUX	

sig1_surf_nonpub.f


scfoppot.f
JF	JG	ZF	ZG	

spec_tilt.f


negfkloops_tb_SA.f
AUXQ	WIJ	WJI	DQ_QTB	EXIKDQ_QTB	GLLKE	GLLKE_BAR	GREFKE	IPROCK	GAMMAK	XGAMMAKX	XINV	

init_mod_sites.f
QMPHI	QMPHI_POTFIL	QMTET	QMTET_POTFIL	QMGAM	QMGAM_POTFIL	NOQ	ICPA	IMQ	MAGROT_Q	MDIRQ	QBAS	KMAD1M_Q	RNNQ	NNNQ	

sig_spin_checkme.f
YBARAB	YBARBA	YIRR2AB	YIRR2BA	YIRR3AB	YIRR3BA	YIRR4AB	YIRR4BA	YREGAB	YREGBA	DUMMY	DUMMY1	DUMMY2	JF	JG	ZF	ZG	

spec_clpes.f
GAMMA1	TSSTS	MSSTS	CWF	CWFX	CWFY	EVAL	RDIP1M	RDIP2M	G1	G2	CWFG	CWFSTATES	CWFENERGY	CWFKAPMUE	ECOR	SZCOR	KAPCOR	MM05COR	IZERO	IKMCOR	NKPCOR	BCOR	BCORS	RINT	AMAT1T	AMAT2T	ZMATD	ROATLASD	TSSQ	DMATTG	DTILTG	TSST_GLO	TAUT_GLO	DOS	C1	C2	FCOR	GCOR	FF_S2M	FF_S2	IPROCE	IPROCA	RWORK	KPARAF	KXF	KYF	

calccgc.f


symlattice.f
SGOP	

mecoul.f


setkkr.f


dumpmat.f


rinvgj.f


chiintabr3.f


check_gfun.f


rradint_inw_r.f


nonrelt1.f
EXC	

thermal_rmsdisp.f


init_spiral.f


core_rmesh.f


spec_wavfun_zj_rh.f
NKM_SOL	IKMCPLWF	IKMCPLWF	ZG	ZF	JG	JF	W1	W2	

calc_rhplm.f


sigkloops_spsrel.f
IPIV	MQSA	MQSB	IPROCK	

scfchkcore.f


fpepotinb.f
ENS	ER	

me_drive.f


sigoff.f
WRK	ME_FT	TSS_FT	MSS_VFT	TAU_VFT	TSS_VFT	ME_VFT	A_RSIG	

nrssite.f
PI	PR	QI	QR	JFS	JGS	CV	VSPIN	ZFS	ZGS	RWS_LAST	INTYZZ	YZZ	INTYZJ	YZJ	

ldau_drv.f
ULDAU	ALLOCATE	WORK	

posaniprep.f
ZG_ST	ZF_ST	JF	JG	

linresp_kloop_dk.f
TKTKQQ_DK	IPIV	MAUXLIN_IP	WKP	DKP	IPROCK	

dmft_drv_sptflex.f
GZ	SEZ	IZERO	OMEGA	TIME	MINOM	GOM	GOMIN	SOM	SEZNEW	SEREAL	EREAL	

spec_rslabsub.f
D	AF	FAC	AGK	DLM	GKN	XPM	PREF	XALM	YLMA	GKCIJ	IC	YLM	CAF	DLM	CAGK	FACT	CREF	CGKN	CXPM	DENOM	FAC	DEN	GKN	DLM2	DLM3	GAMN	PHIM	PREF1	PREF2	PHLME	PHLMO	PTKE1	PTKO1	PTKO2	PXE	PYKMSE	PYKMSO	PYLME	PYLMME	PYLMMO	PYLMO	YLM	YLMM	EN	EKN	EKGM	EKGMN	EKHELP	P	RINTG	ASYMM	INTPM	FAC1	FAC2	FAC3	GAMMAE	GAMMAO	GAMMAEO	GAMMAOE	

strconfra.f


cdiffer.f


linresp_vertex.f
TSS_VFTA	TSS_FTA	TSS_VFTB	TSS_FTB	MSS_VFTA	DMAT_VFTA	MSS_VFTB	DMAT_VFTB	IPIV	

init_mod_types_fullpot.f
VAMEF	VAMEG	IKMCPLWF	IKMCPLWF_RA	IKMCPLWF_LA	IKMCPLWF_RB	IKMCPLWF_LB	VAMEG	IKMCPLWF_RA	IKMCPLWF_LA	IKMCPLWF_RB	IKMCPLWF_LB	IKMCPLWF	VAMEF	VAMEF	VAMEG	IKMCPLWF	VAMEF	VAMEF	

init_mod_cpa.f


scfmad3d_smat.f
QI	

sigsum_optics.f
SIG0_OPT	SIG1_OPT_NV	SIG1_OPT_VC	SIGTOT_OPT_NV	SIGTOT_OPT_VC	

opmcorchi.f


chiintabr3in.f


opmcorirr.f


gilnlcme.f
W2HAT	TAUIMPA	TAUIMPB	DMATA	DMATB	DTILA	DTILB	

symcheck_std.f
TSSQ0	MSSQ_4A	MSSQ_4B	MSSQ0	

beshan.f


me_cheby.f
MIRR_2	MIRR_3	MIRR_4	MZAZB	MZBZA	MZBZA_X	JF1	JG1	ZG1	ZF1	JF2	JG2	ZG2	ZF2	ECHEBY1	TJE1	TCHEBY1	ZGCHEBY1	ZFCHEBY1	JGCHEBY1	JFCHEBY1	ECHEBY2	TJE2	TCHEBY2	ZGCHEBY2	ZFCHEBY2	JGCHEBY2	JFCHEBY2	MZBZA_CHEBY	MZBZA_REF	ETAB2	ETAB1	CHKSUM	

cinvlapack.f


rradint.f


linresp_eloop.f
DMATT	DTILT	RINT1	DOS_T	DOS0_T	DOS_T_GG	DELTA_G0	DELTA_G	RHO2NSX0	RHO2NSX_G	RHO2NS0_GG	RHO2NS_GG_INT	

ame_init.f
ALLOCATE	1_ADA	

sefin.f
RHO	VXCEFI	VXCEFR	

dirbs.f
YERR	YSAV	YSEQ	DYSAV	YM	YN	

excpbe.f


symrot.f


sumupint.f


fpnrssite.f
GBLK	GAMS	CBLK	CHIS	CV0	SBLK	SMT0L	TMT0L	W	VISLM	BISLM	VIS_LGD	VAUX_LGD	BIS_LGD	BAUX_LGD	VAUX_LM	BAUX_LM	QRL	QHL	PR0LS	PH0LS	PJL	RCRI_LAST	MEZZL	MEZJL	MEZJL	MEZZL	ZZGNT	

initvar.f


negfkloopsdrv_tb.f
DELTA	GREF_I1	MEZZPM	LMAT	WA	WB	GLESQX	TAUQX	WX	USSQX	VSSQX	TSSQX	DSSQX	

zzgen.f


mod_files.f


chilaname.f


tau_std_kspsrel.f
TTS	TQS	MQSLU	DROT2	

gfunmat_drive.f
BT0	VT0	VNST0	BNST0	CTL0	MEZJ0	MEZZ0	TSST	MSST0	SSST	TMAT	SFTMP	JFA2	ZFA2	JGA2	ZGA2	JFA1	ZFA1	JGA1	ZGA1	

sigkloops_tb.f
AUXQ2	AUXQ1	DQ_QTB	EXIKDQ_QTB	TKTKQQ	TAUKLIN	GLLKE	GREFKE	IPROCK	

dirbssig.f
YERR	YSAV	YSEQ	DYSAV	YM	YN	

init_mod_types.f
NAT	Z	LCXRAY	NCXRAY	ECORTAB	ECOR_LT	CONC	X_CHEM_T	IMT	LOPT	NCORT	NVALT	LTXT_T	TXT_T	NLT	NFPT	NLMFPT	NBLK	QEL	NLIN_T	NKM_T	OBS_T	OBS_LT	OBS_TX	OBS_LTX	OBS	OBS_X	DOBS_T	DOBS_LT	DOBS_TX	DOBS_LTX	DOBS	DOBS_X	DOBS_BS_EF_TX	DOBS_BS_EF_LTX	OBS_T_GLO	OBS_TX_GLO	OBS_GLO	OBS_X_GLO	DOBS_T_GLO	DOBS_TX_GLO	DOBS_GLO	DOBS_X_GLO	MTET_T	MPHI_T	MGAM_T	NSEMCORSHLT	SEMCORSHLT	CTL	SOCTL	KLMFP	LMIFP	ISOLIKM	NSOLBLK	IKMSOLBLK	RHOCHR	RHOCHRC	RHOSPN	RHOSPNC	RHOORB	VT	BT	VNST	BNST	RHO2NS	VNST	BNST	RHO2NS	ABIT	ABIT	AOPT	AOPT	CMNTT	VLMMAD_HOST	KFP_LMQ	CMNTQ	

dmft_lib_sosptflex.f
IPIV	WORK	UNIT	SIGHF	SIGDC	SIGDC2	FI	D	R0	G1	SIGT	AVS	DAT	RDATA	

rmatstruct.f


spec_outputs.f
YC	XI	YI	CONV	YTEMP	

wrhead.f


fpdirbs.f
AVF	AVG	ABF	ABG	PI	QI	Y	

spec_euler.f


kwposfil.f


tetsubs.f
KA_EDGE	KE_EDGE	LBL_EDGE	WK	

comptonme1.f
YLMP	

mrot_check_settings.f


sig1_optics.f
MDQBAX	MDQABX	MBQAB_L	MBQBA_L	L_MCQAB	L_MCQBA	MDQAB_L	MDQBA_L	

init_mod_angmom_gen.f
FACT	DBLFACT_L	L_LM	M_LM	ILMBOT_LM	ILMTOP_LM	L_LMS	M_LMS	IKM_KAP_MUEM05	L_IKM	LB_IKM	JP05_IKM	KAPPA_IKM	MUEM05_IKM	IMKM_IKM	IKMLLIM1	IKMLLIM2	A_SIGMA	IPIVKM	WKM_LPK	WKM1	WLM1	WKM2	WLM2	WKM3	WLM3	WKM4	CREL	CGC	RC	RREL	

tauij_tb.f
GREF_I1	WX	WA	WB	TSSQX	DSSQX	TAUIJ	GLLKE	GREFKE	PWEXIK1	PWEXIK2	PWEXIK3	ITAUIJ_DIAG	

strset.f
DLM1	

dmft_lib_fft.f
F	F	F	F	F	F	F	DATAM	

errortrap.f


spec_vbrun_subs.f
C1	C2	C3	C4	C5	C6	C7	H1	H2	GN	PS	VS	VX	VY	QH3	QH4	QT1	QT2	QT3	QT4	CMG	KGT	QMM	QMP	QPM	QPP	TMM	TMP	TPM	TPP	NSK	NSR	D0GM	A1GP	BKM0	BKM1	BKM2	D0GP	D1GP	GKM2	A1GZ	XE1H	XO1H	AGSM	AGSP	BGSM	CMGS	DGSM	DGSP	KGZL	WMHF	WMHG	WPHF	WPHG	XEEH	XEOH	XOEH	XOOH	XFEE	XFEO	XFOE	XFOO	RLVS	RLVX	RLVY	PHI1G	A1GPS	A1GZS	XEO1H	XOE1H	WMSTF	WMSTG	EZRYL	PHI1GS	KGZBLK	EPOSHM	POTDER	EPOSHP	EPOSLM	EPOSLP	NB	SB	DREL	D1	D2	D3	D4	GALM	HALM	XALM	NB	SB	DREL	ALAGE	IC	YP	YS	YLM	FAC1	FAC2	FAC3	BPM	BPP	MMM	MMP	MPM	MPP	YP1	YP2	YS1	YS2	AKM	XEEH	XEOH	XOEH	XOOH	EIGA	EIGB	ITER	

coredir_bs.f


scfinitpot.f
CWKE	CWKKMTE	MEZJ	MEZZ	SSST	MSPIN	QION	TSSQ	

me_alf_alf.f
JFLA	JGLA	ZGLA	ZFLA	JGRB	JFRB	ZFRB	ZGRB	JFRA	JGRA	ZGRA	ZFRA	JGLB	JFLB	ZFLB	ZGLB	IZAZB	IZAJB	IJAZB	IJAJB	A_SIG_RLM	MZBJA	MJBJA	MJBZA	FV	FS	FZBZA	FZAZB	FZAJB	FJAZB	FJAJB	

strgaunt.f


dvdrspline.f


xrayspecdyn.f


fp_pot_local.f
DROT_FP	VNST_OLD	BNST_OLD	RHO2NS_OLD	NFPT_OLD	KFP_LMT_OLD	LM_FPT_OLD	SEVNST	SEBNST	SEVNST_OLD	SEBNST_OLD	

zzopt.f


clussites.f
ALLOCATE	SH	

mod_angmom.f


symbravais.f


scfrhocorhol.f
RINT	RHOCHRC_SAV	RHOSPNC_SAV	

bextra.f


posanipot.f
AGRDRHO	AGRDRHOD	AGRDRHOU	LAPRHO	LAPRHOD	LAPRHOU	GDGAG	GDGAGD	GDGAGU	RHO4PI	WEXC	EXC	RHO	RHOD	RHOU	VAUX	EXCIJ	RHO4PI	WEXCIJ	VXC	VNEW	BNEW	NRGNT_VSF_LM	RGNT_VSF	LMRGNT_VSF	

linresp_kloops_q.f
IPIV	IPROCK	

ame_nab.f
AN1_NAB	AN2_NAB	AV1_NAB	AV2_NAB	AB1_NAB	AB2_NAB	

calcsmq.f


spec_vbrun.f
ROSULASD	ROTELASD	ROTRLASD	ROALLSD	ROSULA	ROTELA	ROTRLA	ROATSD	ROTRASD	ROTERSD	ROSURSD	GAMMA1	AMAT1T	AMAT2T	CALC_E	CPAATOM	TSSTS	MSSTS	ETAB	ROLAYRESSD	ROLAYRES	IPROCE	IPROCA	THETAF	ROALLF	RWORK	KPARAF	DETF	KXF	KYF	UMAT_VT_PES	ROATLAINC	ROINC	ROATLAINCSD	ROINCSD	CPAPROJ	TAUMT	ZMAT0INC	

table.f


thermal_init_pot_theta.f
X_IT_TET	IT_TET_OQ	

dmft_edreadsig.f
EIN	CWORK	CTMP	

sig1_surf_jtauksquare.f
MDQBAX	MDQABX	MBQAB_L	MBQBA_L	MCQAB_L	MCQBA_L	MDQAB_L	MDQBA_L	IPIV	TAUKLINB	TAUKLINB	MAUX	TAUKLINA	

scfmad2d_ab.f


vbpes.f
TSSQ	TSSQFIN	MSSTFIN	ETABINI	

mpi_dummies.f


scfbroypt1.f


init_mod_symmetry.f
IQREPMSYM	IQREPQ	ISYMGENQ	IQPSYMQ	NSFTSYMQ	IQORGQP	IQEQ	NQEQ	DROT	NMB_CL	IQ_MBCL	MREP_Q	

scan_input.f


me_sot.f


dirbs_soc.f
YERR	YSAV	YSEQ	DYSAV	Y	DY	YM	YN	AR1	AR2	DBDR	DVDR	

scfmad_pot.f
VIC	RPWML	KDONE_T	

zzclugen.f


readstr.f


fpcalcmt.f


cdjlzdz.f


fpplot2dpr.f
APLOT	BPLOT	POTPLOT	RHOPLOT	JPLOT	JALF_LMCT	RYLM	

chitktktab.f
NTKTK_QQ	

mod_spec.f


gilme.f
MSS_VFT	MREG_VFT	TSS_VFT	TSS_FT	DMAMC	DMATTG	DTILTG	

chixasradint.f


me_nab_nab.f
WP	WV	WB	WPX	WVX	WBX	RMEG1	RMEG2	RMEG3	RMEG4	RMEF1	RMEF2	RMEF3	RMEF4	JFLA	JGLA	ZGLA	ZFLA	JGRB	JFRB	ZFRB	ZGRB	JFRA	JGRA	ZGRA	ZFRA	JGLB	JFLB	ZFLB	ZGLB	JFPLA	JGPLA	ZGPLA	ZFPLA	JGPRB	JFPRB	ZFPRB	ZGPRB	JFPRA	JGPRA	ZGPRA	ZFPRA	JGPLB	JFPLB	ZFPLB	ZGPLB	IZAZB	IZAJB	IJAZB	IJAJB	FZBZA	FZAZB	FZAJB	FJAZB	FJAJB	WREG	WIRR	FV	

tauij_embedded.f
IQCLUORGQCLUP	IPIV	MAUX	TAUINV	DSYMX	DSYMX	TAUQX	UDIA	TSSTX	MSSTX	MSSQX	TSSQX	TAUQQ_CLU	WLM	WXA	WXB	UMAT	

core_dir_abm.f


dmft_drv_spttma.f
SEZ	SIGSTAT	SIGSTAT	ALLOCATE	X_SAV	SE_AR_SAV	

signlc0.f
TAUIMPB	TAUIMPA	

cinthff.f


getsystem.f


clu_chi_drive.f
DOBS_LTEX	DOBS_TEX_GLO	CHIZ	

hffield.f
ZGZG	ZFZF	ZGZG1	ZFZF1	ZGZGC	ZFZFC	ZGZGD	ZFZFD	ZGZGO	ZFZFO	ZGL	ZFL	JFR	JGR	ZGR	ZFR	JF	JG	ZHFIZ	TMAT	NCPLWF_T	IKMCPLWF_T	HTOT	AHF_G	AHF_F	

clugetlimits.f
NO_QCLU_POTFIL	ITCLU_OQCLU_POTFIL	NQCLU_EQCLU	IQCLU_EQCLU	IQCLU_ATCLU0	NA_TCLU0	ITCLU0_TCLU	ITCLU_OQCLU0	Z_OQCLU	X_OQCLU	IQCLU_ATCLU	NA_TCLU	

fppot.f
IRLAG_VORONOI_SURF_GRID	Y_VORONOI_SURF_GRID	

posani_gfactor.f


vcepbm.f


ametimrev.f


amebx.f


dump_modules.f


rotate.f


gilsum.f
ALFQO_NV	ALFQO_VC	GOVM_QO	XTMP	YTMP	

dmft_lib_spttma_kkt.f


clutauij_utrans.f
WLM	WXA	WXB	TAUINV	UMAT	TAUIJ	

spec_rmbarpot.f


opmcorregx.f


zzbzistr.f


imatstruct.f


mod_tbclu.f


amebi.f


sig0_surf_nonpub.f


genrmesh.f
ARMSH_ASA	BRMSH_ASA	DX_ASA	EXPDX_ASA	VOL_AC	VOL_AC_ASA	VOL_AC_FP	VOL_IS_FP_NUM	VOL_IS_ASA_NUM	VOL_IS_ASA_ANA	

dmft_calcg0.f
SEZ	GZ	IZERO	

dmft_readsig.f
CWORK1	CWORK1	

tau_std_ktetra.f
WTET	

spec_ssite_drive.f
MEZJ	MEZZ	

thermal_properties.f
OBS_ABS	TMAT	MREG_FT	MIRR_FT	MREG_VFT	MIRR_VFT	TSS_FT	TSS_VFT	MSS_VFT	DTIL_VFT	MTIL_VFT	DMAMC	TAU_VFT	JMAT	

breakpoint_key.f
VNST_NEW	BNST_NEW	CMNTIST_NEW	CMNTMTT_NEW	DROT_G_TO_LP	VLMTMP	BLMTMP	DROT_QLM_NEW	D_WRK	DROT_L_TO_LP	

mod_spec_laypot.f


tauij_host_invwri.f
IPIV	WORK	TAU	TAUIJCLU	

mod_dmfts.f


chiintghff2.f


scfmad3d.f


sigmeaux.f
UMAT_VTAZ	UMAT_VTBZ	DMAT_VFTA	DMAT_VFTB	DTIL_VFTA	DTIL_VFTB	DMAT_VFTAZ	DMAT_VFTBZ	DTIL_VFTAZ	DTIL_VFTBZ	MREG_FTAB	MREG_FTBA	MREG_VFTAB	MREG_VFTBA	

fpscfnewpot.f
FAUX	FHF_LMQ	F_LMQ	FHF_LMT	F_LMT	WTMPB	WTMPA	VNEW	BNEW	WRLM1	WRLM2	

getdelm.f


basis_into_unit_cell.f
QBAS_TMP	

spec_rmat.f
ZMAT_DOS	ZMAT_ATOM	RMATO	RMATS	WFFZ	FF	RD1	AMV	AMX	AMY	AMVT	AMV	AMX	AMY	AMVT	C2	FF	AMV	AMX	AMY	AMVT	RESMATO	RESMATS	

mod_linresp.f


init_mod_tbclu.f
TSSREF	GREF_I1	ISYM_IQ_R	IQ_L_IQ_R	ISYM_IQ_R	IQ_L_IQ_R	NXM_QTB	IXM0_QTB	IQTB_IQCLU_ICLU_REF	RGNT_CLU	IL3RGNT	LM3RGNT	NRGNT	FL1L2	NQCLU_IQ	QBAS_R	IQREP_ICLU_GEO	ICLU_GEO_IQ	IREF_IQCLU_IQ_TMP	RI0CLU_GEO	R0ICLU_GEO	RQCLU_GEO	NQCLU_GEO	IQ_IQCLU_GEO_IQCNTR	IREF_IQCLU_IQ	RSSP_RS	DSSP_RS	IQCLUTAB_RS	JQCLUTAB_RS	NIJSTAB_RS	ISSP2AB_RS	ISSP2BB_RS	NSSP4_RS	ISSP4_RS	ISDA4_RS	JSDA4_RS	ISSPDIR_RS	NKKR_RS	NSSP1_RS	NSSP2A_RS	NSSP2B_RS	NSSPDIR_RS	NSSPABS_RS	NLMQCLU_GEO	ISSP5_RS	CLUIPH_RS	CLURYLM_RS	NLQCLU	NKMQCLU	IND0QCLU0_RS	IND0QCLU_GEO	IQREP_ICLU_REF	ICLU_REF_IQ	NCLU_REF_ICLU_GEO	ICLU_REF_ICLU_GEO	ICLU_GEO_ICLU_REF	IREF_IQCLU_ICLU_REF	NQCLU_ICLU_REF	IQ_IQCLU_ICLU_REF	IGIJ	

clutauchk.f


dmft_lib_spttma_splines.f


readtau.f


sfn_surfint_init.f
N_VORONOI_SURF_GRID	D_VORONOI_SURF_GRID	W_VORONOI_SURF_GRID	RHAT_VORONOI_SURF_GRID	DVEC_VORONOI_SURF_GRID	

scfmad2d_smat.f


chiradint.f
KXR2DRDI	WGTRCDIA	WGTRKDIA	AUXDIJXL	AUXDIJXR	CR1	D2X	D1Z	D2Z	D3X	D3Z	D4X	D4Z	AUXDIJXLTR	HAX	HAZ	HBX	HBZ	HCX	HCZ	HDX	HDZ	D2XR	D1ZR	D2ZR	D3XR	D3ZR	D4XR	D4ZR	AMEF	AMEG	DAAX	DAAZ	DBBX	DBBZ	NCHI	HAXT	HAZR	WGTF	WGTG	HAZT	HBZR	HCZR	HDZR	WFWF	WGWG	CDRDI	DAAXR	DAAZR	DBBXR	DBBZR	HAZRT	WROBS	CR2DRDI	WGTRRM3	WGTROOX	WGTROOZ	JF	JG	ZF	ZG	

calcame.f


negfdrive.f
MEDIFF	LMEZZMP	LMEDIFF	BCOR	BCORS	GLESQ	CTOTDOS	MEZZMP	BAR_FLAG_Q	LBAR_FLAG_Q	RBAR_FLAG_Q	IPROCE	IESORT	

ssite_rotate.f
WRK	XM	XMD	UT	WRK	WRK	UMATINV	XM	XMD	

dmft_ldau_eref.f
BT0	VT0	VNST0	BNST0	CTL0	ETAB	WETAB	MEZJ0	MEZZ0	TSST	MSST0	SSST	CWORK	PDTAB	PD	ERES	RESONANCE	SFTMP	

posanirhoio.f


linresp_magnet.f
RHO2NSX	CHI_DK	

scfmad_setup.f
KDIPOLE_Q	AVMADTMP	

gaunt_cylm.f


opmcorreg.f


strsmat.f


signlckloops.f


spec_eigen.f
BR	VR	VR1	RAD	POT	RADP4	CWFFS	CWFGS	SOLF	SOLG	F1	F2	G1	G2	SQA	SOL	F	G	F	G	HA	HB	HC	WF1	WF2	COLNZ	ROWNZ	CWFMAP	DUMWFF	DUMWFG	

mod_energy.f


ame_rsig.f
A_RSIG	

puls.f


xraywfexpansion.f


rotategen.f


sfncreateclu.f
IMHOST_M	VOL_M	IPROCM	NEDGE_FCM	NPAN_S	NFUN_S	FLMSF_PR	DQBAS	KFP_LMQ_PR	

gil.f
MAQAB	MBQAB	MCQAB	MDQAB	MAQOAB	MBQOAB	MCQOAB	MDQOAB	ALF0Q	ALF0QO	ALF1QQ_NV	ALF1QQ_VC	ALF1QOQ_NV	ALF1QOQ_VC	TAUQZ	MREG_FT	

dmft_tau_drive.f
MAUX	IPIV	MQS	MEZJ	MEZZ	MSSQ	MSST	SSST	TAUQ	TAUT	TSST	TSSQ	W1	PHASK	

uxcor.f


cintabr.f


dmft_spttma.f


spec_rslab.f
IEDLAYER	IODLAYER	IEODLAYER	IOEDLAYER	BK	NE	NO	IAT	AWR	NEV	POS	ROT	NOD	FAC1	FAC2	CELM	NATL	TSEH	TSEL	TSOH	TSOL	ISEQ	AMAT1	AMAT2	NTOT	PSI2G	ROTM1	EBIND	IGVAL	IGPRO	RMATO	BULKX	RMATS	TSEOH	TSEOL	TSOEH	TSOEL	IRUMP	PTYPE	AMAT1V	AMAT2V	AMAT1X	AMAT1Y	AMAT2X	AMAT2Y	ROATLA	VLM	ZMAT0	Z	RADMESHM	RADMESH3M	RADMESH	RADMESH3	A	ALPHA	AR1	AR2	B	BB	CEE	CEO	COE	COO	EB	KME	KMO	MESH	NRS	RAR	SEP	SW	TAUW	VV	ZZ	IAEE	IAEES	IAEO	IAEOS	IAOE	IAOES	IAOO	IAOOS	IGZEE	IGZEO	IGZOE	IGZOO	IIEE	IIEO	IIOE	IIOO	IROEE	IROEO	IROOE	IROOO	KAP	LKAE	LKAO	LME	LMO	LSPEE	LSPEO	LSPOE	LSPOO	MUD	NR	NRL	NRM	PEEE	PEEO	PESEE	PESOE	POOE	POOO	POSEO	POSOO	REL	PHOTOC	PHOTOCSD	

calc_mezz_mezj_rel.f
FSGN_ME	

chiintghff3.f


me_OLD.f
A1_ADA	A2_ADA	FPA1_ADA	FPA2_ADA	FPB1_ADA	FPB2_ADA	FPAN1_NAB	FPAN2_NAB	FPAV1_NAB	FPAV2_NAB	FPAB1_NAB	FPAB2_NAB	

wcorehole.f


cradint_hff.f


potio.f
JRWS	JRMT	RWS	RMT	JRNS1	JRCRI	QMGAM	BT	QMGAM	DX	R	

runssite.f


linresp_phon_single.f
THT_OFF_QC	UBAR	DELMSSQ	DELMSST	WBAR	

init_mod_mpi.f
MPI_STATUS	

sig1_surf.f
MDQBAX	MDQABX	MBQAB_L	MBQBA_L	MCQAB_L	MCQBA_L	MDQAB_L	MDQBA_L	

sig1_fsea.f
MDQABX	MDQBAX	

ssite_symmetrize.f


scfbiint.f


rradint_hff.f


dmft_lib_spttma_int.f


negf_tmat.f
BZZ	DB_R2DRDI	DELTAIT2	DELTAIT3	DZZMP	DZZPM	KDONE_T	SZZMP	SZZPM	ZBBZ	ZBSBZ	ZBZ	ZSBZ	JFPLS	JGPLS	ZFPLS	ZGPLS	JF	JG	

dirrk.f
YERR	YSAV	YSEQ	DYSAV	YM	YN	FVV	FBB	FVVMID	FBBMID	FDR	FOV	FDRMID	FOVMID	XPP	XPPMID	XQQ	XQQMID	XPQ	XPQMID	XQP	XQPMID	YPP	YPPMID	YQQ	YQQMID	YPQ	YPQMID	YQP	YQPMID	CPL	CPLMID	

nlcpa.f
NA_Q	I0_QU	I1_QU	I2_QU	I1_Q	I2_Q	IND0QCLU	IQ_IQCLU	NLMQCLU	NKMQCLU	KNNLCPA	RQNLCPA	SYMACCEPTEDKN	NSYMACCEPTEDKN	NKTABKN	EVI	IOCCCFGQ	PCFG	EIKNRIJ	DOS	X	ETAB	Y	DOS	X	Y	

fplebedev.f
RYLM	

symrotlat.f


spec_mecalc.f
RDIP1M	RDIP2M	G1	G2	CM1	C2	C3	C4	C5	PMS1	PMS2	RMATOTP	RMATSTP	RMATOC	RMATSC	ZMAT0TP	

rwfbs.f


posaniread.f


posanilambda.f
RATET	RINT	QPOS_T	RHO_POS	RHO_EL	GFACTOR	W_GAUGRID	Y_GAUGRID	XGAU	WGAU	RHO_POS	RHO_EL	GFACTOR	SFN	

wigner.f


amey1m.f


sig0.f


cjlz.f


opm.f


tau_std_kpoints.f
UDIA	IPROC_K	

sigsum.f
CSIGD	RSIGD	RSIGDL	

me_spin_alf_alf.f
JFLA	JFRB	JGLA	JGRB	ZFLA	ZFRB	ZGLA	ZGRB	ZGRA	ZGRAP	ZFRA	ZFRAP	JGRA	JGRAP	JFRA	JFRAP	ZGLB	ZGLBP	ZFLB	ZFLBP	JGLB	JGLBP	JFLB	JFLBP	MZBZANAB	IZAZB	IZAJB	IJAZB	IJAJB	CINT3	CINT1	FZBZA	CINT4	CINT2	CINT3	CINT1	FV	FS	CINT4	CINT2	

cdnlzdz.f


clupotrd.f
N5VEC_QCLU	IQ_QCLU	FORCE_QCLU	IM_QCLU	DQBAS_QCLU	QBAS_QCLU	NO_QCLU	QBAS0_QCLU	ITCLU_OQCLU	X_TCLU	TXT_TCLU	Z_TCLU	NCOR_TCLU	NVAL_TCLU	NSEMCORSHL_TCLU	

nraes.f
BT0	VT0	NLT0	NLTLEED	

core.f
RC	DRDIC	DOVRC	FCK	GCK	DP	DQ	WP	WQ	DROVRN	VV	BB	GC	FC	SPLIT	SPLIT1	SPLIT2	SPLIT3	SZCORDUM	ECORDUM	ALLOCATE	CORTAB	

zzspec.f


scfnewpot.f
RHO4PI	WEXC	EXC	RHO	RHOD	RHOU	RINT	VAUX	VMAD	DROT_QLM	DSYM_RLM	AGRDRHO	AGRDRHOD	AGRDRHOU	LAPRHO	LAPRHOD	LAPRHOU	GDGAG	GDGAGD	GDGAGU	CMNTIST	CMNTISQ	CMNTMTT	CMNTMTQ	QNETT	

tau_tb_1k.f
GREF_I1	TSSREF	KTABSAV	WKTABSAV	TAUQX	WX	WA	WB	TSSQX	DSSQX	

symcheck_tb.f
TAUQ0	WT	

tau_std_kweyl.f


linresp_magnet_me_alf.f
FZAZB	FZAJB	FJAZB	FJAJB	

dmft_drv.f
UDMFT	CWORK	IPROCE	IPROCT	GFMAT0	SIGERRT	SIGLDAU	LDAUSIGMA	EREFLDAU	ELDAU	GFMATOM	EOM	WETABOM	DMFTSIGMAOM	IPROCOM	CSIGSAV	NETAB	CWORK3	

fpcoupl.f


chixas.f


zzcludrive.f


chixasme.f


scfcmnt.f
W_IS	W_MT	ZEFF_Q	

opmcorclb.f


fpdirborn.f
AVF	AVG	ABF	ABG	PH	QH	WINP	KBOT	KTOP	HBLK	GBLKINV	INTA_LAST	INTB_LAST	FUNA	FUNB	INTA	INTB	DV_Q	DV_P	XREG	XIRR	YREG	YIRR	PR0	QR0	PH0	QH0	

negfkloopsdrv_tb_SA.f
GREF_I1	LMAT	USSQX_LBAR	USSQX_RBAR	VSSQX_LBAR	VSSQX_RBAR	GSSQX_LBAR	GSSQX_RBAR	WA	WB	GLESQX	TAUQX	WX	USSQX	VSSQX	TSSQX	DSSQX	TAUQX_BAR	USSQX_BAR	VSSQX_BAR	TSSQX_BAR	DSSQX_BAR	

lmldos.f


curdns.f
DA	DB	DC	MAGMOMT	JGR	JFR	ZGR	ZFR	JGL	JFL	ZGL	ZFL	ZGZF	ZFZG	ZGJF	ZFJG	JFZG	JGZF	JALF_LMCT	APHI1	APHI2	XGAU	WGAU	RINT	Y_JGRID	APHIAUX	APHIL	

fpecoub.f
ER	

negfdrive_SA.f
MEZJ_BAR	MEZZ_BAR	MEDIFF	LMEZZMP	LMEDIFF	BCOR	BCORS	GLESQ	CTOTDOS	TAUTA	TAUQ_BAR	MSSQ_BAR	MEZZMP	VT_SWP	BT_SWP	BAR_FLAG_Q	LBAR_FLAG_Q	RBAR_FLAG_Q	TSS_LBAR	TSS_RBAR	DELT1_LBAR	DELT1_RBAR	DELT2_LBAR	DELT2_RBAR	MSST_BAR	TAUT_BAR	TSST_BAR	IPROCE	IESORT	

spec_linalg_nrc.f
X	INTA	X	INTA	W	VL	VR	WORK	RWORK	EIGENVAL	EIGA	EIGB	C	AIN	BIN	

cnvtouc.f


chilancalc.f
ME	TMT	DMAMC	DMATT	DTILT	AMEA1	AMEB1	AMEA2	AMEB2	AMEB1C	AMEB2C	

strinit.f


force.f


mecheck.f
MZAZB	MZBZA	MIRR_2	MIRR_3	MIRR_4	MEXME	

chisusc.f
EXC	IZERO	SZCOR	ECOR	KAPCOR	MM05COR	IKMCOR	NKPCOR	FCOR	GCOR	BT0	BCPT	

getlrecreal.f


tau_std_kspiral.f
MAUX2	TAUK2	

optimize_basis_drive.f


vmuftin.f


init_mod_tauij_loop.f
KDONE	SELECT	NQTAB2_TAUIJ	IQ_QTAB1_TAUIJ	JQ_QTAB2_TAUIJ	NTAUIJ_QTAB2_TAUIJ	IQ_TAUIJ	JQ_TAUIJ	N5VEC_TAUIJ	

chiintabr2.f


open_scratch_file.f


init_mod_strlag.f
KGFEP	EXPGNQ_RED	ESTRLAG	WSTRLAG	DLMLAG	

sfnreaddim.f


sigkloopstrans_tb.f


calc_obs_me.f
W_JFLB	W_JGLB	W_ZFLB	W_ZGLB	ALLOCATE	_AME	K_AME_Z	K_AME_RLM_Z	

xcpljij.f
J_IJINT	JXCITJT	DITJT	NITJT	W4	

excvbh.f


lloydpt1.f


dmft_flexreadsig.f
TIME	OMEGA	MINOM	SOM	IZERO	SEZ	

init_mod_angmom.f
NKQ	NLINQ	NKMQ	IND0Q	NLQ	NLMQ	NXM_Q	NCPLWF	NCPLWF_RA	NCPLWF_LA	NCPLWF_RB	NCPLWF_LB	QDIA	QOFF	QMDIA	QMOFF	SDIA	SOFF	SMDIA	SMOFF	IKMCPL_KM	NKMCPL_KM	IKM1LIN	IKM2LIN	KAPTAB	LBTAB	LTAB	NMUETAB	NSOLLM	TXT_L	TXT_J	WXM1	WXM2	WXM3	WXM4	CGCFP	AMEOPC	AMEOPO	AMEBI1	AMEBI2	LMAT2	LMAT3	A_RGNT	WKMX1	WKMX2	RRELX	AG_RGNT	AF_RGNT	AME_RLM	MEZJ	MEZZ	TSST	MSST	TAUT	TSSQ	MSSQ	TAUQ	SSST	

dmft_broyd_sig.f
SIGINP	SIGOUT	UI	SIGFM	SIGFM1	SIGSM	SIGSM1	AM	BM	SIGO	SIGI	VI	

scfmad2d.f
RGNTMAD	IRGNTMAD	SMAT	AM	BM	GN2	RM2	NSG	NSR	AVMAD_LL	AVMAD_LI	AVMAD_LR	AVMAD_RL	AVMAD_RI	AVMAD_RR	

chrdns_norm.f


ame_grv.f
AV_GRV	AB_GRV	AB1_GRV	AB2_GRV	AC1_GRV	AC2_GRV	

fscat.f


kloopt.f


xmgr.f


chiintabr4.f


tau_real_space.f
TSS_FT	TSS_VFT	MSS_VFT	DMAT_VFT	DTIL_VFT	TAUT	FL1L2	RGNT_CLU	IL3RGNT	LM3RGNT	NRGNT	IQCLUORG	RQCLU	DQCLU	IQ_IQCLU	NLQCLU	RSSP	IQCLUTAB	DSSP	JQCLUTAB	NIJSTAB	ISSP2AB	ISSP2BB	NSSP4	ISSP4	ISDA4	ISSPDIR	JSDA4	ISSP5	IND0QCLU0	IGIJ	IND0QCLU	IQCLU_ISTQ	NQCLU_IQ	NOQCLU	NLMQCLU	NKMQCLU	ITOQCLU	ICPACLU	DROTQCLU	DROTQCLU	CLURYLM_NNP	CLUIPH	TSSQCLU	TSSTCLU	TSSTCLU	

spec_potfull_spkkr.f
IAT	RBS	POS	NATL	IRUMP	ALPHAM	VTMP	ZP	IQ_SPR_LAYAT	

thermal_debye1.f


zzgentask.f


grad_flm.f
SGPLS	SGMIN	TGPLS	TGMIN	FRPLS	FRMIN	DFDR	

init_mod_energy.f
ETAB	WETAB	PHAST	PHASA	PHASK	GFEP	

mod_constants.f


ssite.f
MAUX	IPIV	CB	CV	JF	JG	PI	PR	QI	QR	ZF	ZG	AP	AQ	DROVRN	BZJ	BZZ	DZJ	DZZ	KZJ	KZZ	OZJ	OZZ	SSSLIN	SZJ	SZZ	TSSLIN	TZJ	TZZ	

dirbs_norm.f


cluscfinitpot.f
R1AT	ECORTAB	QIONINP	VR2AT	MSPIN	QION	R_TMP	R2DRDI_TMP	W_RADINT_TMP	DRDI_TMP	IRTOP_TMP	RTOP_TMP	W00_TMP	FLTMP	RTMP	VMAD	DQQ	WEXC	EXC	RHO4PI	VAUX	U1	U2	N5VEC_QMATT	

getmrot.f


spec_mat.f
AMV	AMX	AMY	DPP	AMVT	X	CLM	CLP	VLM_COM	X	CLM	CLP	VLM_COM	RADM	RAD3M	

mod_types.f


orbcurdns.f
CURR	ICURRLM	INDCURRLM	LMCURRI	NCURRLM	JORB_LMCT	AMEA1	AMEA2	TMAT	CURRC1	CURRC2	CURRCH1	CURRCH2	JFP	JGP	ZFJF1	ZFJF2	ZFP	ZFZF1	ZFZF2	ZGJG1	ZGJG2	ZGP	ZGZG1	ZGZG2	JORB_LMCT	

gil1.f


thermal_fluct_mesh_weight.f


dmft_sosptflex.f


forcetensor.f
WSA	WSB	UBAR	DELMSST	WBAR	

getrnn.f


copfil.f


signlc.f
MIRRTAB	NA_Q	I0_QU	I1_QU	I1_Q	I2_Q	I2_QU	WGIT	MUEHATA	OMEGAHATA	MUEHATB	OMEGAHATB	MUEHAT	OMEGAHAT	TAUHAT	W1HAT	MMAT	TAUIMP	MAQQAB	MAQQBA	MBQQAB	MBQQBA	MCQQAB	MCQQBA	MDQQAB	MDQQBA	CHIHATZ	

me_spin_nab_alf.f
JFLA	JFRB	JGLA	JGRB	ZFLA	ZFRB	ZGLA	ZGRB	ZGRA	ZGRAP	ZFRA	ZFRAP	JGRA	JGRAP	JFRA	JFRAP	ZGLB	ZGLBP	ZFLB	ZFLBP	JGLB	JGLBP	JFLB	JFLBP	MZBZANAB	IZAZB	IZAJB	IJAZB	IJAJB	CINT3	CINT1	FZBZA	CINT4	CINT2	CINT3	CINT1	FV	FS	CINT4	CINT2	

calcdfdr.f


mod_symmetry.f


tauij_equiv_pairs.f
IMAT_IJQCLU	KDONE	IQCLU_REP_IJQCLU	JQCLU_REP_IJQCLU	ICL_IJQCLU	

clutaumat.f


thermal_init_ufmat.f
ALLOCATE	MAT_VT	FMAT_FT	MFMAT_FT	

cludrive.f
IT_OQCLU	IXM0_QCLU	NXM_QCLU	AUXL	IQ_ATCLU	IQ_TAUIJ	JQ_TAUIJ	N5VEC_TAUIJ	ITAUIJ_LOOP	IQ_QTAB1_TAUIJ	NQTAB2_TAUIJ	JQ_QTAB2_TAUIJ	NTAUIJ_QTAB2_TAUIJ	

mechngbas.f


init_mod_tauij_star.f
NSHLCLU_TAUIJ_CL	CLURAD_TAUIJ_CL	NQCLU_TAUIJ_CL	SELECTED_TAUIJ_CL	RQCLU_TAUIJ_CL	DQCLU_TAUIJ_CL	IQ_TAUIJ_CL	N5VEC_TAUIJ_CL	NQSHLCLU_TAUIJ_CL	ITAUIJ_LOOP	ITAUJI_LOOP	

me_plot.f
VT0	BT0	SEVTFIN	SEBTFIN	VFINT	BFINT	MZAZB	MZBZA	MIRR_2	MIRR_3	MIRR_4	XX	YY	LEG	

me_obs.f
MEZZ	MEZJ	ZGRA	ZFRA	JGRA	JFRA	ZGLB	ZFLB	JGLB	JFLB	MZBJA_PO	MZBZA_PO	DZZTMP	ZZGNT	ZGRA	ZFRA	JGRA	JFRA	ZGLB	ZFLB	JGLB	JFLB	MZBJA_PO	MZBZA_PO	

dmft_drv_sosptflex.f
SEZ	GZ	IZERO	IZEROSIG	OCC	OMEGA	TIME	MINOM	GOM	GOMIN	SOM	UR	URREP	SIGSTAT	GOMWORK	SOMWORK	SEZNEW	SEREAL	EREAL	

optimize_basis_2d.f
QBAS_OLD	

chrdns.f
DRHOCHR	DRHOORB	DRHOSPN	OBS_LOC_TX	OBS_ABS	OBS_TPX	OBS_TOT	TMAT	TMAT_LOC	DOBS_LMX	OBS_SUM_L_TX	DOBS_SUM_L_TX	METAU	MIX_DL	MIX_IL	EVDL	EVIL	METAU_L	MEZJL	MEZZL	MZBJA	MZBZA	WR	

chitktkq2t.f


calc_chplm.f


mod_sites.f


opmcorscf.f


spec_tau_drive.f
MAUX	IPIV	MQS	W1	DMAMC	BT0	Z0	VT0	

zzcluster.f


splinel.f


epath.f
E	WT	T	T0	T1	T2	DETL	

sig0_surf.f
MIRR_TAB	MIRR_TBA	MIRR_DUMM	MIRR_FTAB	MIRR_FTBA	MIRR_VFTAB	MIRR_VFTBA	MREG_FTAB	MREG_FTBA	MREG_VFTAB	MREG_VFTBA	MSS_VFTA	MSS_VFTB	TSS_FTA	TSS_FTB	TSS_VFTA	TSS_VFTB	TAU_VFTA	TAU_VFTB	SIG0IR_BS_VFT	SIG0IR_SS_VFT	SIG0IRSS_SS	SIG0IRSS_SS_VFT	REBS_VFTB	RETSS_VFTB	

chidrive.f
DOBS_LTEX	DOBS_TEX_GLO	KNNLCPA	RQNLCPA	IQ_IQCLU	IND0QCLU	NLMQCLU	NKMQCLU	NKTABKN	SYMACCEPTEDKN	NSYMACCEPTEDKN	NKNIRMU	SYM_IRR	KTABKN	WKTABKN	IOCCCFGQ	PCFG	EIKNRIJ	DDTAUTAUT	TKTKTT	

linresp_pump.f
TAUQ_RET	TAUQ_ADV	MSSQ_RET	MSSQ_ADV	TSSQ_RET	TSSQ_ADV	MEZZ_RET	MEZZ_ADV	MEZJ_RET	MEZJ_ADV	ZGR_RET	ZFR_RET	JGR_RET	JFR_RET	ZGL_ADV	ZFL_ADV	JGL_ADV	JFL_ADV	TAUQZ	PHASK_DUMMY	TSST_RET	TSST_ADV	MSST_RET	MSST_ADV	OTIL_0	WKMOBS	TAUT_RET	TAUT_ADV	MEZZ_RA	MEZJ_RA	MEZZ_AR	MEZJ_AR	CDOBS_T	COBS_T	ETAB_RET	ETAB_ADV	ETAB_C	IPROCE	

frelpole.f


clusit2.f


me_grv_grv.f
ZGLA	ZFLA	JGLA	JFLA	ZGRB	ZFRB	JGRB	JFRB	JFRA	JGRA	ZGRA	ZFRA	JGLB	JFLB	ZFLB	ZGLB	V_ZGRA	GV_ZGRA	V_ZFRA	GV_ZFRA	V_JFRA	GV_JFRA	V_JGRA	GV_JGRA	B_ZGRA	GB_ZGRA	B_ZFRA	GB_ZFRA	B_JFRA	GB_JFRA	B_JGRA	GB_JGRA	V_ZGRB	GV_ZGRB	V_ZFRB	GV_ZFRB	V_JFRB	GV_JFRB	V_JGRB	GV_JGRB	B_ZGRB	GB_ZGRB	B_ZFRB	GB_ZFRB	B_JFRB	GB_JFRB	B_JGRB	GB_JGRB	KGV_ZGR	IZAZB	IZAJB	IJAZB	IJAJB	A_SIGY	VLM	GVLM	BLM	GBLM	GSVLM	GSBLM	KVLM	KGVLM	KGSVLM	FV	FZBZA	FZAZB	FZAJB	FJAZB	FJAJB	GSBLM	GSVLM	KGSVLM	

scftcheby.f


mod_dmft_sosptflex.f


opmradint.f


thermal_init.f
NFLUCT_T	NVIBFLU_T	MM_MC	W_WEISS_T	MM_T0	PHI_FLUCT	TET_FLUCT	W0_FLUCT	W0_TET	X_FT	EHAT_FLUCT	RMSU0_IT	RMSU_IT	SVEC_VT	FTET_FT	FPHI_FT	X_VT	X_VFT	NVFO_Q	IVFT_VFOQ	IQ_AVFT	NAVFT	ALLOCATE	FLUCT_T	ALLOCATE	VIBFLU_T	ALLOCATE	M_MC	ALLOCATE	_WEISS_T	

taugfconv.f
W1	W2	

mod_calcmode.f


rotmat.f


mod_mpi.f


gil0.f
MREG_VFT	MSS_VFT	TSS_VFT	TSS_FT	

opmcoraxc.f


scfscale_alat.f
RWS_REF	RMT_REF	R_REF	JRWS_REF	JRMT_REF	DX_REF	

cradint.f


optimize_basis_3d.f
QBAS_OLD	

extend_txt_t.f


scfmad0d_smat.f


scfmadnbr.f


linresp_magnet_perturb.f
JFA	JFB	ZFA	ZFB	JFA	JFB	ZFA	ZFB	HZ_TP	TMATA	TMATB	THZT_OFF_TP	THZT_DIA_P	FAUX	HA_ZZX	HB_JZX	HC_ZJX	HD_JJX	

mathlib.f
C	IPIV	

symsumrtr.f
NSYMACCEPTED_LOCAL	

fpcore_sra.f
BB	FC	GC	DP	DQ	RC	FCK	GCK	AUX1	DRDIC	DOVRC	DROVRN	R2DRDIC	ECORTAB	SHF	SPLIT	SPLIT1	SZCORDUM	ECORDUM	YI	ZI	

scf.f
CMNTTX	W1MIX	W2MIX	RWKLMT	SEVT	SEBT	WEGFOLD	JRNS1TMP	W1NSMIX	W2NSMIX	JDNST	ETABSS_BI	WETABSS_BI	

tau_drive.f


kloopsij.f


comptonppts.f


mpi_own.f


cylm.f


mod_spec_commons.f


comptonme0.f
FIRR	AG	AG0	

chiinthff4.f


sigkloops_nosym.f
IPIV	IPROCK	

gilnlc.f
NA_Q	I0_QU	I1_QU	I1_Q	I2_Q	I2_QU	MIRRTAB	ALF0QO	ALF1QOQ_NV	ALF1QOQ_VC	WGIT	MUEHATA	OMEGAHATA	MUEHATB	OMEGAHATB	MUEHAT	OMEGAHAT	TAUHAT	W1HAT	MMAT	TAUIMP	MAQQAB	MAQQBA	MBQQAB	MBQQBA	MCQQAB	MCQQBA	MDQQAB	MDQQBA	CHIHATZ	

core_hff_split.f


sigkloops.f
IPIV	IPROCK	

nucsscpl.f
AIJINT	RIJINT	

strgbad.f
GBAD	

kkreos.f
ALAT_IN	EFERMI_IN	ETOT_IN	MUEORB_IN	MUESPN_IN	VOL_IN	ALAT_TAB	EFERMI_TAB	ETOT_TAB	MUEORB_TAB	MUESPN_TAB	VOL_TAB	

init_mod_tauij_cluster.f
ITAUIJ_LOOP	

linresp_vertex_nlc.f
W2HAT	W3HAT	IPIV	AMAT	BMAT	TAUIMP	XMATA	XMATB	

fpnrcore_tau.f


iomregmirr_scfvb_xjq.f


init_mod_calcmode.f
SCLBXC	STRLOPT	AUXL	

chiinthvv4.f


me_sot_alf.f
JFLA	JGLA	ZGLA	ZFLA	JGRB	JFRB	ZFRB	ZGRB	JFRA	JGRA	ZGRA	ZFRA	JGLB	JFLB	ZFLB	ZGLB	IZAZB	IZAJB	IJAZB	IJAJB	FV	FS	IAUX	FZBZA	IAUX	

linresp_vxc.f
EMM	ENM	ENN	RHO4PI	GAMMA_O	RINT1	GAMMA_LEBO	VXC_LEBOP	GAMMA_X_FLM	VXC_LMTOP	HX_LM	RHO	RHOD	RHOU	AGRDRHO	AGRDRHOD	AGRDRHOU	LAPRHO	LAPRHOD	LAPRHOU	GDGAG	GDGAGD	GDGAGU	GFLM	GFANG	FLM	HLM	HANG	RPWM2	DFDR	D2FDR2	

dmft_lib_pade.f
PZ	ZOM	P	A	B	

me_spin_curr_alf.f


tutorial.f
RYLM	JTAB	JTAB_ASYM	XTAB	NTAB	NTAB_ASYM	LEG	ICOLOR_C	ISTYLE_C	RHO4PI	WEXC	EXC	VXCAUX	VXAUX	VAUX	VTAB	BTAB	ICOLOR_C	ISTYLE_C	RHO4PI	WEXC	EXC	RHO	RHOD	RHOU	VAUX	VXC	BXC	ICOLOR_C	ISTYLE_C	AGRDRHO	AGRDRHOD	AGRDRHOU	LAPRHO	LAPRHOD	LAPRHOU	GDGAG	GDGAGD	GDGAGU	FCOR	GCOR	ICOLOR_C	E_NKCOR	IR0_NKCOR	G_NKCOR	F_NKCOR	HY_NKCOR	HX_NKCOR	TXT_NKCOR	ZG	JG	YY	LEG	ICOLOR_C	YY	LEG	ICOLOR_C	

chiinthvv2.f


nraps.f
BT0	VT0	NLT0	

get_momentum.f


dmft_vertex.f


scfmad_rgnt.f


chiinthvv3.f


vbpes_aux.f


zzscf.f


linresp_init.f
HZ_LM	HX_LM	MAUX	GNTTAB	AMEG_LMOP	AMEF_LMOP	HZ_PERT_LMTP	HX_PERT_LMTP	K_PERT_LMTP	SHAZ_ZZ_T	SHBZ_JZ_T	SHCZ_ZJ_T	SHDZ_JJ_T	HAZ_ZZ_T	HBZ_JZ_T	HCZ_ZJ_T	HDZ_JJ_T	HAX_ZZ_T	HBX_JZ_T	HCX_ZJ_T	HDX_JJ_T	RHO2NS_GG	MIRR2_OP	MIRR3_OP	MIRR4_OP	MZBZA_O	IOPER_PERT	IOPER_OBSE	D0ZL	D1ZL	DZL	DIJZL	D0ZL1	D1ZL1	DZL1	DIJZL1	D0XL	DIJXL	T0ZL	T1ZL	TZL	TIJZL	T0XL	TIJXL	D0Z	D1Z	DZ	DIJZ	D0Z1	D1Z1	DZ1	DIJZ1	D0X	D1X	DX	DIJX	T0Z	T1Z	TZ	TIJZ	T0X	T1X	TX	TIJX	TZ_STD	TZ_DK	T0Z_DK	T1Z_DK	DOBS_TO	CHI_TO	

mod_dmft_ldau.f


excmjw.f


cluxcpljij.f


cluxcpltensor.f
WSA	WSB	DMAMC	DELMSST	DTILT	DMATT	J_IJINT	CWK	J_ITJT	DITJT	NITJT	

aes.f


potfinnuc.f


chigamma.f
RPWOP	JF	JG	ZF	ZG	

fpssite.f
CBLK	HBLK	DBLK	GBLK	CHLM	CHLP	JF	JG	DQ	QR	PR	TBLK	TBLK0	SBLK	SBLK0	ZF	ZG	JFL	JGL	ZFL	ZGL	TSST_LHS	DMAT_LHS	GAMMA_LHS	CMAT_LHS	JFL	JGL	ZFL	ZGL	TSST_LHS	D_WRON	NCWF_SOL_SPH	IKM_CWFSOL_SPH	ZG_SPH	JG_SPH	ZF_SPH	JF_SPH	CHI	DMAT	TSST_BORN	CMAT	ZETA	GAMMA	CHI	TSST0	SSST0	ZG_SPH	JG_SPH	ZF_SPH	JF_SPH	NCWF_SOL_SPH	IKM_CWFSOL_SPH	MEZZL	MEZJL	MEZJL	MEZZL	IKM_MATELM	NMATELM	TMPINT	ZGJG_SPH	ZGZG_SPH	ZFJF_SPH	ZFZF_SPH	RHOC	ZGJG_SPH	ZGZG_SPH	ZFJF_SPH	ZFZF_SPH	RHOC	MZBJA	MZBZA	JFLW	JGLW	ZFLW	ZGLW	ZFLW	ZGLW	

excvwn.f


scfmad0d_back.f
VLMMAD_BACK	M1_PW_L	RYLM	IRGNTMAD	RGNTMAD	VLMMAD_BACK0	

spline.f


dmft_3bsreadsig.f
EIN	CWORK	CTMP	ROT	CROT	W2	W3	

csumsslt.f


mod_radial_solver.f


init_mrot_frame.f


nlctauio.f


calcdos_write.f
SPNPOL	

chiinthff3.f


chiintgabr2.f


mod_scf.f


linresp_susc_stat.f
TOBS	JRNS1TMP	W1NSMIX	W2NSMIX	W1MIX	W2MIX	NRGNT_VSF_LM	RGNT_VSF	LMRGNT_VSF	AA	BB	AAHF	BBHF_S	BBHF_N	BBHF_O	CHI_S	CHI_SS0	CHI_SS	CHI_O	CHI_OO0	CHI_OO	CHI_N	CHI_NN0	CHI_SO	CHI_SO0	CHI_OS	CHI_OS0	CHI_OO_TR	CHI_SS_TR	SFT_S	SFT_S0	SFT_O	SFT_O0	SFT_O_TR	SFT_S_TR	ICHI_S	ICHI_O	CHI_NN	POBS	IPIV	DOBSEF	RHO2NSX	BCP	BCPS	

vbpesint.f
ITMP	MZAZB	MZBZA	MIRR_2	MIRR_3	MIRR_4	

me_ada_cor.f


chixascalc.f


spec_inputs.f
DIST	IJDIST	RBS	VIN	POT	z	Z_LAY	IQ_JQ_Z	DELR	IQDONE	NIO_LAY	LAYISVAC	NATL	DELZ	DELXY	DEL	BASXY	IQCNTR	IOCNTR	QBASC	RV	AV	ADAINV	WRK2X2	AB	ADAMAT	IQ_JQ_ZO	QBASNEW	IQ_IQNEW	ITMP2	RTMP3	QBASTMP	NOQNEW	IQNEW_IQ	ITOQNEW	VEC_SEL	NVEC_SEL	VNORM	VNORM_INP	

calcdos.f
TMAT	TMAT_LOC	DOBS_LMX	OBS_SUM_L_TX	DOBS_SUM_L_TX	MIX_DL	MIX_IL	MEZJL	MEZZL	MZBJA	MZBZA	

me_nab_nab_sra.f
CRWK1	CRWK2	K_WFLM	K_GWFLM	GZA	GZB	GJA	GJB	FZAZB	FZAJB	FJAZB	FJAJB	IZAZB	IZAJB	IJAZB	IJAJB	IZBZA	FZBZA	FREG	FIRR	ZA	JA	JB	ZB	SGPLS	SGMIN	TGPLS	TGMIN	FRPLS	FRMIN	DFDR	ZZGNT	WR	

dmft_lib_sptflex.f
OCCM	PDD0	PDZ0	PPM0	PPP0	PPP	TMAT	TDD	TMM	TDM	TPM	VDM	VPM	DCLDA	D	R0	UR	IPIV	WORK	VDD	UDM	WDM	RPM	VDZ	VZD	WPM	RDD0	VZZ	RPM0	RDZ0	D	RDM	RDM0	IPIV	WORK	D	IPIV	WORK	

cinvlu.f


fpscfldauocc.f


ame_nab_sig.f
AG1_SPIN_CURR_NAB	AG2_SPIN_CURR_NAB	AF1_SPIN_CURR_NAB	AF2_SPIN_CURR_NAB	AG1	AG2	AF1	AF2	

scfiterang.f
QMPHITAB	QMTETTAB	QMGAMTAB	

fprwfbs.f
DY	Y	

rmserr.f


mod_strlag.f


ikapmue.f


me_sigma.f
JFLA	JGLA	ZGLA	ZFLA	JGRB	JFRB	ZFRB	ZGRB	JFRA	JGRA	ZGRA	ZFRA	JGLB	JFLB	ZFLB	ZGLB	IZAZB	IZAJB	IJAZB	IJAJB	FV	FS	IAUX	FZBZA	IAUX	

ikmlin.f


core_hff.f
YI	ZI	

fpetot.f


scfseminit.f


ylag.f


dmft_spttmareadsig.f
XX	SE_AR	CWORK1	

lloydpt2.f


cpamills.f
TSS_FT	WA	WB	TSS_VFT	MSS_VFT	

fpefg.f
RPWM3	

dmft_drv_sosptflex_idm.f
ALLOCATE	EZ	GZ	IZERO	OCC	OMEGA	TIME	MINOM	GOM	GOMIN	SOM	SOMSAV	UR	UCREP	SIGSTAT	GOMWORK	SOMWORK	SIG_HF	DCTMP	HAMIL	SEZNEW	SEREAL	EREAL	epath_tmp	

mod_cpa.f


linresp_magnet_eloop.f
DMATT	IPROCE	DTILT	CWKE	

fpplotprs.f
RHORSQ	

ameop.f
AMEOPC	AMEOPO	

linresp_density.f
WGG	THTZJ	THTZZ	THTJZ	THTJJ	WGG	WFF	THTZJ	THTZZ	THTJZ	THTJJ	

eloop.f
TSSQ	

symtau.f


gen.f
IPROCE	ABITNEW	JDNST	OBS_POS_T	OBS_POS_TX	OBS_POS_LT	OBS_POS_LTX	CMNTTX	RHO2NS_EL	RHOCHR_EL	RHO2NS_EL	RHOCHR_EL	RHOORBX	RHOCHRX	RHOSPNX	RHO2NSX	RHO2NSX	MPI_OUTPUT_FLAG	MPI_OUTPUT_FLAG	AXCN	BXCNMM	BXCNMN	BXCNNM	BXCNNN	NEFTL	EMM	ENM	ENN	GAMMAM	GAMMAN	ORBSQINT	

spec_init_transfo.f
NB	SB	NR	KAP	REL	MUD	NRL	NRM	NRS	

mod_sig.f


mod_rmesh.f


gaunt_rylm.f


xrayclb.f


chilandau.f


me_spin_curr_nab.f


linresp_perturb.f
JFA	JFB	ZFA	ZFB	JFA	JFB	ZFA	ZFB	HZ_TP	HX_TP	TMATA	TMATB	THZT_OFF_TP	THXT_OFF_TP	THZT_DIA_P	THXT_DIA_P	FAUX	HA_ZZX	HB_JZX	HC_ZJX	HD_JJX	FAUX	HA_ZZX	HB_JZX	HC_ZJX	HD_JJX	

blochsf.f
DZZAB	DZJAB	KA	KE	INDKDIR	NKTABD	LBLKDIR	TMAT	IPIV	MQS	TAUKSP	IPROCE	RWKT	EPLOT	APLOT	

negf_tmat_SA.f
DV_R2DRDI	DZZMP	SZZMP	VZZBAR	VZBARZ	BZZBAR	BZBARZ	DB_R2DRDI	DDT1	RDDT1	JFBAR	JGBAR	JFPLS	JGPLS	ZFPLS	ZGPLS	JF	JG	

linresp_magnet_density.f
WGG	WFF	THTZJ	THTZZ	THTJZ	THTJJ	

mod_tables.f


cintabr1.f


init_mod_lattice.f


dmft_ldaureadsig.f
RWORK	

sigmanipul.f


fprwfborn.f
HBLK	DBLK	GBLKINV	VLL	INTA_LAST	INTB_LAST	FUNA	FUNB	INTA	INTB	DV_P	XREG	XIRR	PR0	PH0	

sig_drv_kmesh.f


spec_band.f
EIGENVAL	A	B	C	EIGA	EIGB	ITER	

chiintgabr3.f


xcplj0.f
JXC0INTT	CWK	

straa.f
disp_proc	nqqp_proc	

spec_doublerad.f
V1	V2	RD1	AMV	AMX	AMY	FR1G	FR2G	FR1S	FR2S	AMVT	FF_G1	FF_G2	FF_S1	FF_S2	FF1	FF2	

dmft_init.f
STRLOPT	DMFTSIGMA	

dirbsbi.f
YERR	YSAV	YSEQ	DYSAV	YM	YN	

wrdate.f


potfit.f


scfbimad.f
SMAT_TMP	DROT_RLM	ABAS_LOC	QBAS_LOC	ABIMAD	

syminit.f


tbkloop.f
GLLKE	GREFKE	A1	AN	B1	BN	C1	CN	X1	XN	AA	ALFA	BB	BETA	CC	CUNIT	EPS	TEMPIN	TEMPOUT	Y1	Y2	IPVT	GDI	GDOW	UDIA	IND0QLOC	NKMQLOC	CUNIT	DINVER	DMAT	E	F	G	GDIOLD	IPVT	A	B	C	CUNIT	D	E	F	G	IPVT	

scfchknval.f


sfnmtmesh.f


spec_sumup_int.f


chikloops.f
TKTKQQ	

chifmagind.f


sig0_optics.f


spec_sumat.f
C1	C2	C3	C4	C5	C6	GN	WA	WB	PS	VS	VX	VY	QH3	QH4	QT1	QT2	QT3	QT4	CMG	KGT	QMM	QMP	QPM	TMM	QPP	TMP	TPM	TPP	NSK	NSR	U0GM	U0GP	U1GP	EIGA	EIGB	XFEE	WMHF	KGZH	WMHG	WPHF	UGSM	UGSP	WPHG	XFEO	XFOE	XFOO	RLVS	RLVX	RLVY	WMSTF	WMSTG	EZRYH	KGZBLK	EPOSHM	EPOSHP	EPOSLM	EPOSLP	C1	C2	C3	C4	C5	C6	C7	C8	D1	D2	D3	D4	ME	SG	TE	MO	PK	PN	TO	PQ	CLE	CLO	KGM	MSE	KGS	MSO	PKN	YLM	FAC1	FAC2	DLM1	QMM2	QMP2	QPM2	QPP2	GODD	HALM	XEEH	CLXE	CLXO	INTG	MCON	POLG	SUME	SUMO	VALM	XALM	XEOH	XOEH	XOOH	PHIS	PKGM	GINT	C1ONE	POL0G	JHELP	GEVEN	GEVOD	GODEV	CLXEO	CLXOE	PKGMN	SUMEO	SUMOE	KGFAK1	KGFAK2	ESCAPE	INTFAK	THETAS	INTGPM	BPM	BPP	MMM	MMP	MPM	MPP	YP1	YP2	YS1	YS2	AKM	XEEH	XEOH	XOEH	XOOH	

scf_drive.f
ALAT_TAB	EFERMI_TAB	ETOT_TAB	VOL_TAB	MUEORB_TAB	MUESPN_TAB	

mod_kspace.f


opmcordns.f


fp_sfn_local.f
DONE_M	IQM	DROT_SF	FLMSF_NEW	NSF_OLD	FLMSF_OLD	LMISF_OLD	

scf_ucalc.f
NOS0_LT	NOS1_LT	

relt1.f


chiintabr2in.f


init_mod_rmesh_fullpot.f
JRCRI	JRNS1	NPAN	NRNS	NRSFTOT	NSF	FLMSF	JRCUT	WINTLM	ISFLM	KLMSF	LMISF	FLMSF	JRCUT	WINTLM	ISFLM	KLMSF	LMISF	

kkrmain.f
IT0_TAUX	IM_QAUX	RMTRED0	NLQ0	IQAT	ITOQ	

chicalc.f
VH_A	VH_B	RINTCDIA	RINTKDIA	CHIOOLTR	CHISSLTR	ICHIAFSS0	RINTCDIAC	RINTKDIAC	AA	BB	VH	T0X	T1Z	RINTGAMMAOP	AAHF	CHIN	CHIO	CHIS	POBS	IPIV	RINT	SFTO	SFTS	SFTO0	SFTS0	BBHFN	BBHFO	BBHFS	ICHIO	CHINN	CHIOO	CHINR	CHIOR	CHIOS	CHISO	CHISR	CHISS	ICHIS	POBSR	SFTOL	SFTSL	RINTX	RINTZ	CHINN0	CHIOO0	CHIOS0	CHISO0	CHISS0	SFTOL0	SFTSL0	DOBSEF	CHINNL	CHIOOL	CHISSL	RHOLOP	SFTOTR	SFTSTR	CHIAFSS	GAMMAOP	CHIOOTR	CHISSTR	RHOLOPS	SFTOLTR	CHIAFSS0	SFTSLTR	RSSZLOP	T1X	T0Z	DZL1	TZL	DZLR1	TZLR	D1ZL1	T1ZL	D0ZL1	D0XR1	D0XL1	D0XL	D0XR	D0ZL	D1ZL	T0ZL	T0XL	RHORTLEF	T0XR	DIJZL1	DIJXL	DIJXLTR	DIJXR	DIJZL	DIJZLTR	DIJXL1	DIJXR1	TIJZL	TIJXL	TIJXR	DIJZLTR1	DIJXLTR1	TIJZLTR	TIJXLTR	TIJX	TIJXTR	TIJZ	TIJZTR	TSSZRLOP	TZ	TZR	TOBS	DOBS1	DOBSE	DOBS	DOS	DOSI	DOSL	DOSM	DZJ	DZL	DZLR	DZZ	GGINT	JFA	JGA	RHORTL	SMT	SMTL	SMTM	SZJ	SZZ	TAUTLIN	ZFA	ZGA	

coreerr.f


negfkloop_stt.f
DROTQ2	GLESQ_TR_LOC	

cylag.f


rwfbs_norm.f
QJL	

spec_derivatf.f
FPSELRUL	CC	FF	NR	PM1	PM2	PM3	PP1	PP2	PP3	CORESELRUL	KAP	REL	MUD	NRL	NRM	NRS	GRID	G1_NEW	G2_NEW	SELRUL	SS	IMM	IMP	IPM	IPP	FF_S1M	FF_G1M	FF_S1MZ	FF_G1MZ	FFI_S1M	FFI_G1M	FF_G1	FF_S1	G1_KKR	G2_KKR	XH1	XH1P	H1	H2	H3	H4	IS	NR	KAP	REL	MUD	NRL	NRM	NRS	DC	DS	GP1	GP2	H3Q	FLOW	ALLOCATE	3N	JJ	KM	KP	NN	JJS	NNS	PHIL	PHIU	HF	HG	RF	RG	RF1	RG1	NZERO	TMP_CC	TMP_CS	TMP_SS	

chivwn.f


strvecgen.f
QQPX_TMP	QQPY_TMP	QQPZ_TMP	NIJQ	IJQ	

compton_core1.f
YLMP	

mod_thermal.f


clug0mat.f


fpscfldauinit.f


spec_transpho.f
NB	SB	NR	KAP	REL	MUD	NRL	NRM	NRS	NB	SB	NR	KAP	REL	MUD	NRL	NRM	NRS	NB	SB	NR	KAP	REL	MUD	NRL	NRM	NRS	NZERO2	

scfbroyang.f


ekrel.f
MQS	CWORK	E_AUX	TSS_AUX	MSS_AUX	EJK0	

cmatstruct.f


chiorbpol.f


init_mod_kspace.f


sig1_surf_notstorechiz.f
MDQBAX	MDQABX	MBQAB_L	MBQBA_L	MCQAB_L	MCQBA_L	MDQAB_L	MDQBA_L	IPIV	CHIZ	TAUKLINB	TAUKLINB	MAUX	TAUKLINA	

fpvnfcor.f
V1	V2	RPWL	X_DRDI	VINT1	VINT2	NQNBR_Q	RQNBR_Q	IQ_QNBR_Q	ALN	FLN	SLN	DFAC	NRGNT_TILFPSF_LM1	RGNT_TILFPSF	LMRGNT_TILFPSF	NRGNT_FPTILLAM_LM1	RGNT_FPTILLAM	LMRGNT_FPTILLAM	DROT_RLM	R2RHOTILQ	KRHOTIL_LMQ	R2RHOQ	R2RHOQP	FLMSFP	JRSTART_IR	VNFCORQ	R23SQ	INT0	INT1R	INT2R	INT3R	M2SUM	M3SUM	R23	RPWL_M	R23PW	AFRLN	USUM	VR23	WR23PW	WINT	KFP_L1	VSPHERE	RYLM	VNFCORQ1	VMADQ	VIC	VINTRAQ	VINTRA	AVMADNBR_Q	

tau_tb.f
GREF_I1	DROTX	DROTX	TAUQX	WX	WA	WB	TSSTX	MSSQX	MSSTX	TSSQX	DSSQX	TAUQAUX	WG	MG0	IPIV	

siglayer.f
TSSQA	MSSQA	TSSQB	MSSQB	S10AQAB	S10BQAB	S10CQAB	S10DQAB	S2AQAB	S2BQAB	S2CQAB	S2DQAB	S3AQAB	S3BQAB	S3CQAB	S3DQAB	S4AQAB	S4BQAB	S4CQAB	S4DQAB	GREF_I1	TSSREF	WX	WA	MSSQX	TSSQX	DSSQX	IQTB_IGIJ	JQTB_IGIJ	IQTB_IGIJ	JQTB_IGIJ	MSSTA	MSSTB	TAUTA	TAUTB	TSSTA	TSSTB	MREG_TAB	MREG_TBA	MEOFF_AHE_T	MEOFF_BARG_T	ME_SZ_T	LIST_ISPR	IPROCE	IESORT	GREFKE	GLLIJ_CONJG	KVEC_K	WK_K	KVEC_K	WK_K	IPROCK	SIG0Q	SIG1QQ	CURR_K	

types_swap.f
X_TAUX	Z_TAUX	IM_TAUX	NVAL_TAUX	IQ_ATAUX	NA_TAUX	V_TAUX	B_TAUX	RHOCHR_TAUX	RHOCHRC_TAUX	RHOSPN_TAUX	RHOSPNC_TAUX	AOP_TAUX	

derspl.f


scfbroyden.f
SM	SM1	FM	FM1	XINP	XOUT	

compton.f
IPROCE	JFL	JGL	ZGL	ZFL	JFR	JGR	ZGR	ZFR	I_PW_ZR	F_PW_ZR	I_ZL_PW	F_ZL_PW	I_JL_PW	F_JL_PW	NCPLWF_T	MDCOR_ST	IKMCPLWF_T	JG	JF	RME_COR_P	IKMCPLWF_CORT	NCPLWF_CORT	ME_IRR	RME_IRR_P	RME_ZL_PW_P	MD	MDCOR_S	MDCOR_SQ	MDCOR2D	MD2D	RWORK	RWORK	

sack_mad.f
L2SUM	L2SUM	L2SUM	RYLM	

symcheckij_std.f


cgc_rac.f


xrayspec.f
ECOR_KM	MZAZB_NONDIPX	MZBZA_NONDIPX	MIRR_3_NONDIPX	MZAZB	MZBZA	MIRR_2	MIRR_3	MIRR_4	MZAZB_NONDIP	MZBZA_NONDIP	MIRR_2_NONDIP	MIRR_3_NONDIP	MIRR_4_NONDIP	MSS_VQ	TAU_VQ	MSS_FT	TAU_VFT	TSS_FT	MZAZB_FT	MZBZA_FT	MIRR_2_FT	MIRR_3_FT	MIRR_4_FT	TMAT_LOC	C1MAT	MZAZB_TMP	MZBZA_TMP	MIRR_2_TMP	MIRR_3_TMP	MIRR_4_TMP	ESIG	SIG	

chixasinit.f


cpanesbet.f


scfscale_alat_eos.f
XPLOT	YPLOT	DIAG	FJAC	WA4	Y	

rotmat_rylm.f
RC_LM	DROT	W1	W2	

me_alf_alf_nondip.f
JFLA	JGLA	ZGLA	ZFLA	JGRB	JFRB	ZFRB	ZGRB	JFRA	JGRA	ZGRA	ZFRA	JGLB	JFLB	ZFLB	ZGLB	IZAZB	IZAJB	IJAZB	IJAJB	A_SIG_RLM	MZBJA	MJBJA	MJBZA	FV	FS	FZBZA	FZAZB	FZAJB	FJAZB	FJAJB	

dmft_sptflex.f
UC	UD	UM	US	UT	

rdiffer.f


kmeshs.f
ISYM_GEN_KREDUC	

scfbipot.f
JF	JG	

mod_str.f


bastrans.f


metorque.f
J	

clupotgen.f


init_mod_sites_rotmag.f
MROT_T	DROT_T	MROT_TET	DROT_TET	

density.f
CHKQ	CHKS	CHKO	RHOORB	RHOCHR	RHOSPN	

chitktkchk.f


opmcalc.f


clubonding.f
DSH	ISHQ	

wavfun_wgt_rad_flm_sra.f


specmain.f


